<?xml version="1.0" encoding="UTF-8"?>
<!-- Generated by org.testng.reporters.JUnitReportReporter -->
<testsuite hostname="DESKTOP-CMOUKPJ" failures="0" tests="3" name="testclass.TestClass" time="14.798" errors="0" timestamp="2023-07-26T12:22:08 IST" skipped="0">
  <testcase classname="testclass.TestClass" name="Login" time="0.969"/>
  <system-out/>
  <testcase classname="testclass.TestClass" name="Login" time="1.157"/>
  <system-out/>
  <testcase classname="testclass.TestClass" name="Login" time="12.672"/>
  <system-out/>
</testsuite> <!-- testclass.TestClass -->
